<?xml version="1.0" encoding="utf-8"?><testsuites><testsuite name="pytest" errors="0" failures="0" skipped="0" tests="3" time="0.333" timestamp="2023-06-17T11:30:19.347774" hostname="LEONARDO-PC"><testcase classname="tests.test_cnn_extractor" name="test_get_categories_without_categories_file" time="0.002" /><testcase classname="tests.test_cnn_extractor" name="test_get_categories_with_clean_categories_file" time="0.009" /><testcase classname="tests.test_cnn_extractor" name="test_treat_datetime" time="0.003" /></testsuite></testsuites>